Accepted

####################################################

# Before init: 10 possible values and 1 * 2^5 combinations
# Applying substitution for single-value domains 	  and checking applicable constraints:
# After init: 10 possible values and 1 * 2^5 combinations
# After init: domains
X0: [0, 1]
X1: [0, 1]
X2: [0, 1]
X3: [0, 1]
X4: [0, 1]
Trying value 0 for variable X4.
forward checking based on assignment of variable X4
Trying value 0 for variable X3.
forward checking based on assignment of variable X3
X3 = 0 -> Domain limited of variable X1.
Trying value 1 for variable X1.
forward checking based on assignment of variable X1
Trying value 0 for variable X2.
forward checking based on assignment of variable X2
Trying value 0 for variable X0.
forward checking based on assignment of variable X0
Trying value 1 for variable X0.
forward checking based on assignment of variable X0
Trying value 1 for variable X2.
forward checking based on assignment of variable X2
X2 = 1 -> Domain limited of variable X0.
Trying value 1 for variable X0.
forward checking based on assignment of variable X0
Trying value 1 for variable X3.
forward checking based on assignment of variable X3
X3 = 1 -> Domain limited of variable X0.
Trying value 1 for variable X0.
forward checking based on assignment of variable X0
X0 = 1 -> Domain limited of variable X1.
X0 = 1 -> Domain limited of variable X2.
Trying value 0 for variable X1.
forward checking based on assignment of variable X1
Trying value 1 for variable X2.
forward checking based on assignment of variable X2
Trying value 1 for variable X4.
forward checking based on assignment of variable X4
Trying value 0 for variable X3.
forward checking based on assignment of variable X3
X3 = 0 -> Domain limited of variable X2.
Trying value 0 for variable X2.
forward checking based on assignment of variable X2
Trying value 0 for variable X1.
forward checking based on assignment of variable X1
Trying value 0 for variable X0.
forward checking based on assignment of variable X0
Trying value 1 for variable X0.
forward checking based on assignment of variable X0
Trying value 1 for variable X1.
forward checking based on assignment of variable X1
X1 = 1 -> Domain limited of variable X0.
Trying value 1 for variable X0.
forward checking based on assignment of variable X0
Trying value 1 for variable X3.
forward checking based on assignment of variable X3
Trying value 0 for variable X2.
forward checking based on assignment of variable X2
X2 = 0 -> Domain limited of variable X0.
Trying value 0 for variable X0.
forward checking based on assignment of variable X0
X0 = 0 -> Domain limited of variable X1.
Trying value 0 for variable X1.
forward checking based on assignment of variable X1
Trying value 1 for variable X2.
forward checking based on assignment of variable X2
Trying value 0 for variable X1.
forward checking based on assignment of variable X1
X1 = 0 -> Domain limited of variable X0.
Trying value 1 for variable X0.
forward checking based on assignment of variable X0
Trying value 1 for variable X1.
forward checking based on assignment of variable X1
X1 = 1 -> Domain limited of variable X0.
X1 = 1 -> Domain limited of variable X0.
backtracking points: 28
